<?xml version="1.0" encoding="UTF-8"?>
<testsuite xmlns:xsi="http://www.w3.org/2001/XMLSchema-instance" xsi:noNamespaceSchemaLocation="https://maven.apache.org/surefire/maven-surefire-plugin/xsd/surefire-test-report-3.0.xsd" version="3.0" name="com.bezkoder.springjwt.SpringBootSecurityJwtApplicationTests" time="7.659" tests="1" errors="0" skipped="0" failures="0">
  <properties>
[...]
</properties>
  <testcase name="contextLoads" classname="com.bezkoder.springjwt.SpringBootSecurityJwtApplicationTests" time="0.581">
    <system-out><![CDATA[
  .   ____          _            __ _ _
 /\\ / ___'_ __ _ _(_)_ __  __ _ \ \ \ \
( ( )\___ | '_ | '_| | '_ \/ _` | \ \ \ \
 \\/  ___)| |_)| | | | | || (_| |  ) ) ) )
  '  |____| .__|_| |_|_| |_\__, | / / / /
 =========|_|==============|___/=/_/_/_/
 :: Spring Boot ::                (v3.1.0)

2023-12-31T23:54:57.478+01:00  INFO 21792 --- [           main] .s.SpringBootSecurityJwtApplicationTests : Starting SpringBootSecurityJwtApplicationTests using Java 17.0.6 with PID 21792 (started by Monaim in C:\Users\Monaim\Desktop\projet_blog\Mdq2024F)
2023-12-31T23:54:57.481+01:00  INFO 21792 --- [           main] .s.SpringBootSecurityJwtApplicationTests : No active profile set, falling back to 1 default profile: "default"
2023-12-31T23:54:58.762+01:00  INFO 21792 --- [           main] .s.d.r.c.RepositoryConfigurationDelegate : Bootstrapping Spring Data JPA repositories in DEFAULT mode.
2023-12-31T23:54:58.881+01:00  INFO 21792 --- [           main] .s.d.r.c.RepositoryConfigurationDelegate : Finished Spring Data repository scanning in 103 ms. Found 6 JPA repository interfaces.
2023-12-31T23:54:59.530+01:00  INFO 21792 --- [           main] o.hibernate.jpa.internal.util.LogHelper  : HHH000204: Processing PersistenceUnitInfo [name: default]
2023-12-31T23:54:59.651+01:00  INFO 21792 --- [           main] org.hibernate.Version                    : HHH000412: Hibernate ORM core version 6.2.2.Final
2023-12-31T23:54:59.656+01:00  INFO 21792 --- [           main] org.hibernate.cfg.Environment            : HHH000406: Using bytecode reflection optimizer
2023-12-31T23:54:59.869+01:00  INFO 21792 --- [           main] o.h.b.i.BytecodeProviderInitiator        : HHH000021: Bytecode provider name : bytebuddy
2023-12-31T23:55:00.053+01:00  INFO 21792 --- [           main] o.s.o.j.p.SpringPersistenceUnitInfo      : No LoadTimeWeaver setup: ignoring JPA class transformer
2023-12-31T23:55:00.071+01:00  INFO 21792 --- [           main] com.zaxxer.hikari.HikariDataSource       : HikariPool-1 - Starting...
2023-12-31T23:55:00.292+01:00  INFO 21792 --- [           main] com.zaxxer.hikari.pool.HikariPool        : HikariPool-1 - Added connection com.mysql.cj.jdbc.ConnectionImpl@308f13dc
2023-12-31T23:55:00.295+01:00  INFO 21792 --- [           main] com.zaxxer.hikari.HikariDataSource       : HikariPool-1 - Start completed.
2023-12-31T23:55:00.335+01:00  WARN 21792 --- [           main] org.hibernate.dialect.Dialect            : HHH000511: The 5.5.0 version for [org.hibernate.dialect.MySQLDialect] is no longer supported, hence certain features may not work properly. The minimum supported version is 5.7.0. Check the community dialects project for available legacy versions.
2023-12-31T23:55:00.342+01:00  INFO 21792 --- [           main] org.hibernate.orm.dialect                : HHH035001: Using dialect: org.hibernate.dialect.MySQLDialect, version: 5.5
2023-12-31T23:55:00.660+01:00  INFO 21792 --- [           main] o.h.b.i.BytecodeProviderInitiator        : HHH000021: Bytecode provider name : bytebuddy
2023-12-31T23:55:01.472+01:00  INFO 21792 --- [           main] o.h.e.t.j.p.i.JtaPlatformInitiator       : HHH000490: Using JtaPlatform implementation: [org.hibernate.engine.transaction.jta.platform.internal.NoJtaPlatform]
2023-12-31T23:55:01.760+01:00  INFO 21792 --- [           main] j.LocalContainerEntityManagerFactoryBean : Initialized JPA EntityManagerFactory for persistence unit 'default'
2023-12-31T23:55:02.488+01:00  WARN 21792 --- [           main] JpaBaseConfiguration$JpaWebConfiguration : spring.jpa.open-in-view is enabled by default. Therefore, database queries may be performed during view rendering. Explicitly configure spring.jpa.open-in-view to disable this warning
2023-12-31T23:55:02.940+01:00  INFO 21792 --- [           main] o.s.s.web.DefaultSecurityFilterChain     : Will secure any request with [org.springframework.security.web.session.DisableEncodeUrlFilter@32e3d46e, org.springframework.security.web.context.request.async.WebAsyncManagerIntegrationFilter@6b24093, org.springframework.security.web.context.SecurityContextHolderFilter@11cc4fea, org.springframework.security.web.header.HeaderWriterFilter@44371c54, org.springframework.security.web.authentication.logout.LogoutFilter@3fa3e19f, com.mdq.springjwt.security.jwt.AuthTokenFilter@58fbaa6c, org.springframework.security.web.savedrequest.RequestCacheAwareFilter@517e942b, org.springframework.security.web.servletapi.SecurityContextHolderAwareRequestFilter@33b89217, org.springframework.security.web.authentication.AnonymousAuthenticationFilter@10777bee, org.springframework.security.web.session.SessionManagementFilter@39fe414f, org.springframework.security.web.access.ExceptionTranslationFilter@2de5d619, org.springframework.security.web.access.intercept.AuthorizationFilter@4e5f4756]
2023-12-31T23:55:03.361+01:00  INFO 21792 --- [           main] .s.SpringBootSecurityJwtApplicationTests : Started SpringBootSecurityJwtApplicationTests in 6.283 seconds (process running for 8.087)
]]></system-out>
  </testcase>
</testsuite>